[2018-07-08T00:06:49.309][DEBUG  35210  cheese] trace
[2018-07-08T00:06:49.311][ INFO  35210  cheese] info
[2018-07-08T00:06:49.340][ INFO  35210  cheese] server listening at port 8989...
[2018-07-08T00:28:20.456][DEBUG  35293  cheese] trace
[2018-07-08T00:28:20.458][ INFO  35293  cheese] info
[2018-07-08T00:28:20.484][ INFO  35293  cheese] server listening at port 8989...
[2018-07-08T00:41:07.571][DEBUG  35337  cheese] trace
[2018-07-08T00:41:07.572][ INFO  35337  cheese] info
[2018-07-08T00:41:07.592][ INFO  35337  cheese] server listening at port 8989...
[2018-07-08T00:41:35.471][DEBUG  35369  cheese] trace
[2018-07-08T00:41:35.472][ INFO  35369  cheese] info
[2018-07-08T00:41:35.500][ INFO  35369  cheese] server listening at port 8989...
[2018-07-08T00:41:47.268][DEBUG  35396  cheese] trace
[2018-07-08T00:41:47.270][ INFO  35396  cheese] info
[2018-07-08T00:41:47.287][ INFO  35396  cheese] server listening at port 8989...
[2018-07-08T00:41:54.081][DEBUG  35434  cheese] trace
[2018-07-08T00:41:54.084][ INFO  35434  cheese] info
[2018-07-08T00:41:54.104][ INFO  35434  cheese] server listening at port 8989...
[2018-07-08T00:57:08.265][DEBUG  35495  cheese] trace
[2018-07-08T00:57:08.266][ INFO  35495  cheese] info
[2018-07-08T00:57:08.291][ INFO  35495  cheese] server listening at port 8989...
[2018-07-08T01:00:25.750][DEBUG  35523  cheese] trace
[2018-07-08T01:00:25.751][ INFO  35523  cheese] info
[2018-07-08T01:00:25.777][ INFO  35523  cheese] server listening at port 8989...
[2018-07-08T01:01:55.738][DEBUG  35542  cheese] trace
[2018-07-08T01:01:55.740][ INFO  35542  cheese] info
[2018-07-08T01:01:55.766][ INFO  35542  cheese] server listening at port 8989...
[2018-07-08T01:02:01.507][ INFO  35542  cheese] 执行插入操作
[2018-07-08T01:02:33.321][ INFO  35542  cheese] 执行插入操作
[2018-07-08T01:02:42.422][ INFO  35542  cheese] 执行修改操作
[2018-07-08T01:03:36.474][DEBUG  35580  cheese] trace
[2018-07-08T01:03:36.476][ INFO  35580  cheese] info
[2018-07-08T01:03:36.514][ INFO  35580  cheese] server listening at port 8989...
[2018-07-08T01:03:43.320][ INFO  35580  cheese] 执行修改操作
[2018-07-08T01:07:30.243][DEBUG  35611  cheese] trace
[2018-07-08T01:07:30.245][ INFO  35611  cheese] info
[2018-07-08T01:07:30.271][ INFO  35611  cheese] server listening at port 8989...
[2018-07-08T01:08:05.475][DEBUG  35631  cheese] trace
[2018-07-08T01:08:05.476][ INFO  35631  cheese] info
[2018-07-08T01:08:05.509][ INFO  35631  cheese] server listening at port 8989...
[2018-07-08T01:08:12.586][ INFO  35631  cheese] 执行修改操作
[2018-07-08T01:08:28.037][DEBUG  35650  cheese] trace
[2018-07-08T01:08:28.039][ INFO  35650  cheese] info
[2018-07-08T01:08:28.062][ INFO  35650  cheese] server listening at port 8989...
[2018-07-08T01:08:32.825][ INFO  35650  cheese] 执行修改操作
[2018-07-08T01:08:51.920][DEBUG  35662  cheese] trace
[2018-07-08T01:08:51.921][ INFO  35662  cheese] info
[2018-07-08T01:08:51.949][ INFO  35662  cheese] server listening at port 8989...
[2018-07-08T01:08:57.170][ INFO  35662  cheese] 执行修改操作
[2018-07-08T01:09:19.399][ INFO  35662  cheese] 执行修改操作
[2018-07-08T01:09:20.954][ INFO  35662  cheese] 执行修改操作
[2018-07-08T01:10:52.091][DEBUG  35688  cheese] trace
[2018-07-08T01:10:52.092][ INFO  35688  cheese] info
[2018-07-08T01:10:52.117][ INFO  35688  cheese] server listening at port 8989...
[2018-07-08T01:10:57.658][ INFO  35688  cheese] 执行修改操作
[2018-07-08T01:10:59.661][ INFO  35688  cheese] 执行修改操作
[2018-07-08T01:11:00.759][ INFO  35688  cheese] 执行修改操作
[2018-07-08T01:11:01.717][ INFO  35688  cheese] 执行修改操作
[2018-07-08T09:18:39.675][DEBUG  36251  cheese] trace
[2018-07-08T09:18:39.680][ INFO  36251  cheese] info
[2018-07-08T09:18:39.708][ INFO  36251  cheese] server listening at port 8989...
